                                      1 ;--------------------------------------------------------
                                      2 ; File Created by SDCC : free open source ANSI-C Compiler
                                      3 ; Version 4.2.0 #13081 (MINGW64)
                                      4 ;--------------------------------------------------------
                                      5 	.module wakeup
                                      6 	.optsdcc -mmcs51 --model-large
                                      7 	
                                      8 ;--------------------------------------------------------
                                      9 ; Public variables in this module
                                     10 ;--------------------------------------------------------
                                     11 	.globl _TF1
                                     12 	.globl _TR1
                                     13 	.globl _TF0
                                     14 	.globl _TR0
                                     15 	.globl _IE1
                                     16 	.globl _IT1
                                     17 	.globl _IE0
                                     18 	.globl _IT0
                                     19 	.globl _SM0
                                     20 	.globl _SM1
                                     21 	.globl _SM2
                                     22 	.globl _REN
                                     23 	.globl _TB8
                                     24 	.globl _RB8
                                     25 	.globl _TI
                                     26 	.globl _RI
                                     27 	.globl _CY
                                     28 	.globl _AC
                                     29 	.globl _F0
                                     30 	.globl _RS1
                                     31 	.globl _RS0
                                     32 	.globl _OV
                                     33 	.globl _F1
                                     34 	.globl _P
                                     35 	.globl _RD
                                     36 	.globl _WR
                                     37 	.globl _T1
                                     38 	.globl _T0
                                     39 	.globl _INT1
                                     40 	.globl _INT0
                                     41 	.globl _TXD0
                                     42 	.globl _TXD
                                     43 	.globl _RXD0
                                     44 	.globl _RXD
                                     45 	.globl _P3_7
                                     46 	.globl _P3_6
                                     47 	.globl _P3_5
                                     48 	.globl _P3_4
                                     49 	.globl _P3_3
                                     50 	.globl _P3_2
                                     51 	.globl _P3_1
                                     52 	.globl _P3_0
                                     53 	.globl _P2_7
                                     54 	.globl _P2_6
                                     55 	.globl _P2_5
                                     56 	.globl _P2_4
                                     57 	.globl _P2_3
                                     58 	.globl _P2_2
                                     59 	.globl _P2_1
                                     60 	.globl _P2_0
                                     61 	.globl _P1_7
                                     62 	.globl _P1_6
                                     63 	.globl _P1_5
                                     64 	.globl _P1_4
                                     65 	.globl _P1_3
                                     66 	.globl _P1_2
                                     67 	.globl _P1_1
                                     68 	.globl _P1_0
                                     69 	.globl _P0_7
                                     70 	.globl _P0_6
                                     71 	.globl _P0_5
                                     72 	.globl _P0_4
                                     73 	.globl _P0_3
                                     74 	.globl _P0_2
                                     75 	.globl _P0_1
                                     76 	.globl _P0_0
                                     77 	.globl _PS
                                     78 	.globl _PT1
                                     79 	.globl _PX1
                                     80 	.globl _PT0
                                     81 	.globl _PX0
                                     82 	.globl _EA
                                     83 	.globl _ES
                                     84 	.globl _ET1
                                     85 	.globl _EX1
                                     86 	.globl _ET0
                                     87 	.globl _EX0
                                     88 	.globl _BREG_F7
                                     89 	.globl _BREG_F6
                                     90 	.globl _BREG_F5
                                     91 	.globl _BREG_F4
                                     92 	.globl _BREG_F3
                                     93 	.globl _BREG_F2
                                     94 	.globl _BREG_F1
                                     95 	.globl _BREG_F0
                                     96 	.globl _P5_7
                                     97 	.globl _P5_6
                                     98 	.globl _P5_5
                                     99 	.globl _P5_4
                                    100 	.globl _P5_3
                                    101 	.globl _P5_2
                                    102 	.globl _P5_1
                                    103 	.globl _P5_0
                                    104 	.globl _P4_7
                                    105 	.globl _P4_6
                                    106 	.globl _P4_5
                                    107 	.globl _P4_4
                                    108 	.globl _P4_3
                                    109 	.globl _P4_2
                                    110 	.globl _P4_1
                                    111 	.globl _P4_0
                                    112 	.globl _PX0L
                                    113 	.globl _PT0L
                                    114 	.globl _PX1L
                                    115 	.globl _PT1L
                                    116 	.globl _PSL
                                    117 	.globl _PT2L
                                    118 	.globl _PPCL
                                    119 	.globl _EC
                                    120 	.globl _CCF0
                                    121 	.globl _CCF1
                                    122 	.globl _CCF2
                                    123 	.globl _CCF3
                                    124 	.globl _CCF4
                                    125 	.globl _CR
                                    126 	.globl _CF
                                    127 	.globl _TF2
                                    128 	.globl _EXF2
                                    129 	.globl _RCLK
                                    130 	.globl _TCLK
                                    131 	.globl _EXEN2
                                    132 	.globl _TR2
                                    133 	.globl _C_T2
                                    134 	.globl _CP_RL2
                                    135 	.globl _T2CON_7
                                    136 	.globl _T2CON_6
                                    137 	.globl _T2CON_5
                                    138 	.globl _T2CON_4
                                    139 	.globl _T2CON_3
                                    140 	.globl _T2CON_2
                                    141 	.globl _T2CON_1
                                    142 	.globl _T2CON_0
                                    143 	.globl _PT2
                                    144 	.globl _ET2
                                    145 	.globl _TMOD
                                    146 	.globl _TL1
                                    147 	.globl _TL0
                                    148 	.globl _TH1
                                    149 	.globl _TH0
                                    150 	.globl _TCON
                                    151 	.globl _SP
                                    152 	.globl _SCON
                                    153 	.globl _SBUF0
                                    154 	.globl _SBUF
                                    155 	.globl _PSW
                                    156 	.globl _PCON
                                    157 	.globl _P3
                                    158 	.globl _P2
                                    159 	.globl _P1
                                    160 	.globl _P0
                                    161 	.globl _IP
                                    162 	.globl _IE
                                    163 	.globl _DP0L
                                    164 	.globl _DPL
                                    165 	.globl _DP0H
                                    166 	.globl _DPH
                                    167 	.globl _B
                                    168 	.globl _ACC
                                    169 	.globl _EECON
                                    170 	.globl _KBF
                                    171 	.globl _KBE
                                    172 	.globl _KBLS
                                    173 	.globl _BRL
                                    174 	.globl _BDRCON
                                    175 	.globl _T2MOD
                                    176 	.globl _SPDAT
                                    177 	.globl _SPSTA
                                    178 	.globl _SPCON
                                    179 	.globl _SADEN
                                    180 	.globl _SADDR
                                    181 	.globl _WDTPRG
                                    182 	.globl _WDTRST
                                    183 	.globl _P5
                                    184 	.globl _P4
                                    185 	.globl _IPH1
                                    186 	.globl _IPL1
                                    187 	.globl _IPH0
                                    188 	.globl _IPL0
                                    189 	.globl _IEN1
                                    190 	.globl _IEN0
                                    191 	.globl _CMOD
                                    192 	.globl _CL
                                    193 	.globl _CH
                                    194 	.globl _CCON
                                    195 	.globl _CCAPM4
                                    196 	.globl _CCAPM3
                                    197 	.globl _CCAPM2
                                    198 	.globl _CCAPM1
                                    199 	.globl _CCAPM0
                                    200 	.globl _CCAP4L
                                    201 	.globl _CCAP3L
                                    202 	.globl _CCAP2L
                                    203 	.globl _CCAP1L
                                    204 	.globl _CCAP0L
                                    205 	.globl _CCAP4H
                                    206 	.globl _CCAP3H
                                    207 	.globl _CCAP2H
                                    208 	.globl _CCAP1H
                                    209 	.globl _CCAP0H
                                    210 	.globl _CKCON1
                                    211 	.globl _CKCON0
                                    212 	.globl _CKRL
                                    213 	.globl _AUXR1
                                    214 	.globl _AUXR
                                    215 	.globl _TH2
                                    216 	.globl _TL2
                                    217 	.globl _RCAP2H
                                    218 	.globl _RCAP2L
                                    219 	.globl _T2CON
                                    220 	.globl _powerdown_idle_wakeup
                                    221 ;--------------------------------------------------------
                                    222 ; special function registers
                                    223 ;--------------------------------------------------------
                                    224 	.area RSEG    (ABS,DATA)
      000000                        225 	.org 0x0000
                           0000C8   226 _T2CON	=	0x00c8
                           0000CA   227 _RCAP2L	=	0x00ca
                           0000CB   228 _RCAP2H	=	0x00cb
                           0000CC   229 _TL2	=	0x00cc
                           0000CD   230 _TH2	=	0x00cd
                           00008E   231 _AUXR	=	0x008e
                           0000A2   232 _AUXR1	=	0x00a2
                           000097   233 _CKRL	=	0x0097
                           00008F   234 _CKCON0	=	0x008f
                           0000AF   235 _CKCON1	=	0x00af
                           0000FA   236 _CCAP0H	=	0x00fa
                           0000FB   237 _CCAP1H	=	0x00fb
                           0000FC   238 _CCAP2H	=	0x00fc
                           0000FD   239 _CCAP3H	=	0x00fd
                           0000FE   240 _CCAP4H	=	0x00fe
                           0000EA   241 _CCAP0L	=	0x00ea
                           0000EB   242 _CCAP1L	=	0x00eb
                           0000EC   243 _CCAP2L	=	0x00ec
                           0000ED   244 _CCAP3L	=	0x00ed
                           0000EE   245 _CCAP4L	=	0x00ee
                           0000DA   246 _CCAPM0	=	0x00da
                           0000DB   247 _CCAPM1	=	0x00db
                           0000DC   248 _CCAPM2	=	0x00dc
                           0000DD   249 _CCAPM3	=	0x00dd
                           0000DE   250 _CCAPM4	=	0x00de
                           0000D8   251 _CCON	=	0x00d8
                           0000F9   252 _CH	=	0x00f9
                           0000E9   253 _CL	=	0x00e9
                           0000D9   254 _CMOD	=	0x00d9
                           0000A8   255 _IEN0	=	0x00a8
                           0000B1   256 _IEN1	=	0x00b1
                           0000B8   257 _IPL0	=	0x00b8
                           0000B7   258 _IPH0	=	0x00b7
                           0000B2   259 _IPL1	=	0x00b2
                           0000B3   260 _IPH1	=	0x00b3
                           0000C0   261 _P4	=	0x00c0
                           0000E8   262 _P5	=	0x00e8
                           0000A6   263 _WDTRST	=	0x00a6
                           0000A7   264 _WDTPRG	=	0x00a7
                           0000A9   265 _SADDR	=	0x00a9
                           0000B9   266 _SADEN	=	0x00b9
                           0000C3   267 _SPCON	=	0x00c3
                           0000C4   268 _SPSTA	=	0x00c4
                           0000C5   269 _SPDAT	=	0x00c5
                           0000C9   270 _T2MOD	=	0x00c9
                           00009B   271 _BDRCON	=	0x009b
                           00009A   272 _BRL	=	0x009a
                           00009C   273 _KBLS	=	0x009c
                           00009D   274 _KBE	=	0x009d
                           00009E   275 _KBF	=	0x009e
                           0000D2   276 _EECON	=	0x00d2
                           0000E0   277 _ACC	=	0x00e0
                           0000F0   278 _B	=	0x00f0
                           000083   279 _DPH	=	0x0083
                           000083   280 _DP0H	=	0x0083
                           000082   281 _DPL	=	0x0082
                           000082   282 _DP0L	=	0x0082
                           0000A8   283 _IE	=	0x00a8
                           0000B8   284 _IP	=	0x00b8
                           000080   285 _P0	=	0x0080
                           000090   286 _P1	=	0x0090
                           0000A0   287 _P2	=	0x00a0
                           0000B0   288 _P3	=	0x00b0
                           000087   289 _PCON	=	0x0087
                           0000D0   290 _PSW	=	0x00d0
                           000099   291 _SBUF	=	0x0099
                           000099   292 _SBUF0	=	0x0099
                           000098   293 _SCON	=	0x0098
                           000081   294 _SP	=	0x0081
                           000088   295 _TCON	=	0x0088
                           00008C   296 _TH0	=	0x008c
                           00008D   297 _TH1	=	0x008d
                           00008A   298 _TL0	=	0x008a
                           00008B   299 _TL1	=	0x008b
                           000089   300 _TMOD	=	0x0089
                                    301 ;--------------------------------------------------------
                                    302 ; special function bits
                                    303 ;--------------------------------------------------------
                                    304 	.area RSEG    (ABS,DATA)
      000000                        305 	.org 0x0000
                           0000AD   306 _ET2	=	0x00ad
                           0000BD   307 _PT2	=	0x00bd
                           0000C8   308 _T2CON_0	=	0x00c8
                           0000C9   309 _T2CON_1	=	0x00c9
                           0000CA   310 _T2CON_2	=	0x00ca
                           0000CB   311 _T2CON_3	=	0x00cb
                           0000CC   312 _T2CON_4	=	0x00cc
                           0000CD   313 _T2CON_5	=	0x00cd
                           0000CE   314 _T2CON_6	=	0x00ce
                           0000CF   315 _T2CON_7	=	0x00cf
                           0000C8   316 _CP_RL2	=	0x00c8
                           0000C9   317 _C_T2	=	0x00c9
                           0000CA   318 _TR2	=	0x00ca
                           0000CB   319 _EXEN2	=	0x00cb
                           0000CC   320 _TCLK	=	0x00cc
                           0000CD   321 _RCLK	=	0x00cd
                           0000CE   322 _EXF2	=	0x00ce
                           0000CF   323 _TF2	=	0x00cf
                           0000DF   324 _CF	=	0x00df
                           0000DE   325 _CR	=	0x00de
                           0000DC   326 _CCF4	=	0x00dc
                           0000DB   327 _CCF3	=	0x00db
                           0000DA   328 _CCF2	=	0x00da
                           0000D9   329 _CCF1	=	0x00d9
                           0000D8   330 _CCF0	=	0x00d8
                           0000AE   331 _EC	=	0x00ae
                           0000BE   332 _PPCL	=	0x00be
                           0000BD   333 _PT2L	=	0x00bd
                           0000BC   334 _PSL	=	0x00bc
                           0000BB   335 _PT1L	=	0x00bb
                           0000BA   336 _PX1L	=	0x00ba
                           0000B9   337 _PT0L	=	0x00b9
                           0000B8   338 _PX0L	=	0x00b8
                           0000C0   339 _P4_0	=	0x00c0
                           0000C1   340 _P4_1	=	0x00c1
                           0000C2   341 _P4_2	=	0x00c2
                           0000C3   342 _P4_3	=	0x00c3
                           0000C4   343 _P4_4	=	0x00c4
                           0000C5   344 _P4_5	=	0x00c5
                           0000C6   345 _P4_6	=	0x00c6
                           0000C7   346 _P4_7	=	0x00c7
                           0000E8   347 _P5_0	=	0x00e8
                           0000E9   348 _P5_1	=	0x00e9
                           0000EA   349 _P5_2	=	0x00ea
                           0000EB   350 _P5_3	=	0x00eb
                           0000EC   351 _P5_4	=	0x00ec
                           0000ED   352 _P5_5	=	0x00ed
                           0000EE   353 _P5_6	=	0x00ee
                           0000EF   354 _P5_7	=	0x00ef
                           0000F0   355 _BREG_F0	=	0x00f0
                           0000F1   356 _BREG_F1	=	0x00f1
                           0000F2   357 _BREG_F2	=	0x00f2
                           0000F3   358 _BREG_F3	=	0x00f3
                           0000F4   359 _BREG_F4	=	0x00f4
                           0000F5   360 _BREG_F5	=	0x00f5
                           0000F6   361 _BREG_F6	=	0x00f6
                           0000F7   362 _BREG_F7	=	0x00f7
                           0000A8   363 _EX0	=	0x00a8
                           0000A9   364 _ET0	=	0x00a9
                           0000AA   365 _EX1	=	0x00aa
                           0000AB   366 _ET1	=	0x00ab
                           0000AC   367 _ES	=	0x00ac
                           0000AF   368 _EA	=	0x00af
                           0000B8   369 _PX0	=	0x00b8
                           0000B9   370 _PT0	=	0x00b9
                           0000BA   371 _PX1	=	0x00ba
                           0000BB   372 _PT1	=	0x00bb
                           0000BC   373 _PS	=	0x00bc
                           000080   374 _P0_0	=	0x0080
                           000081   375 _P0_1	=	0x0081
                           000082   376 _P0_2	=	0x0082
                           000083   377 _P0_3	=	0x0083
                           000084   378 _P0_4	=	0x0084
                           000085   379 _P0_5	=	0x0085
                           000086   380 _P0_6	=	0x0086
                           000087   381 _P0_7	=	0x0087
                           000090   382 _P1_0	=	0x0090
                           000091   383 _P1_1	=	0x0091
                           000092   384 _P1_2	=	0x0092
                           000093   385 _P1_3	=	0x0093
                           000094   386 _P1_4	=	0x0094
                           000095   387 _P1_5	=	0x0095
                           000096   388 _P1_6	=	0x0096
                           000097   389 _P1_7	=	0x0097
                           0000A0   390 _P2_0	=	0x00a0
                           0000A1   391 _P2_1	=	0x00a1
                           0000A2   392 _P2_2	=	0x00a2
                           0000A3   393 _P2_3	=	0x00a3
                           0000A4   394 _P2_4	=	0x00a4
                           0000A5   395 _P2_5	=	0x00a5
                           0000A6   396 _P2_6	=	0x00a6
                           0000A7   397 _P2_7	=	0x00a7
                           0000B0   398 _P3_0	=	0x00b0
                           0000B1   399 _P3_1	=	0x00b1
                           0000B2   400 _P3_2	=	0x00b2
                           0000B3   401 _P3_3	=	0x00b3
                           0000B4   402 _P3_4	=	0x00b4
                           0000B5   403 _P3_5	=	0x00b5
                           0000B6   404 _P3_6	=	0x00b6
                           0000B7   405 _P3_7	=	0x00b7
                           0000B0   406 _RXD	=	0x00b0
                           0000B0   407 _RXD0	=	0x00b0
                           0000B1   408 _TXD	=	0x00b1
                           0000B1   409 _TXD0	=	0x00b1
                           0000B2   410 _INT0	=	0x00b2
                           0000B3   411 _INT1	=	0x00b3
                           0000B4   412 _T0	=	0x00b4
                           0000B5   413 _T1	=	0x00b5
                           0000B6   414 _WR	=	0x00b6
                           0000B7   415 _RD	=	0x00b7
                           0000D0   416 _P	=	0x00d0
                           0000D1   417 _F1	=	0x00d1
                           0000D2   418 _OV	=	0x00d2
                           0000D3   419 _RS0	=	0x00d3
                           0000D4   420 _RS1	=	0x00d4
                           0000D5   421 _F0	=	0x00d5
                           0000D6   422 _AC	=	0x00d6
                           0000D7   423 _CY	=	0x00d7
                           000098   424 _RI	=	0x0098
                           000099   425 _TI	=	0x0099
                           00009A   426 _RB8	=	0x009a
                           00009B   427 _TB8	=	0x009b
                           00009C   428 _REN	=	0x009c
                           00009D   429 _SM2	=	0x009d
                           00009E   430 _SM1	=	0x009e
                           00009F   431 _SM0	=	0x009f
                           000088   432 _IT0	=	0x0088
                           000089   433 _IE0	=	0x0089
                           00008A   434 _IT1	=	0x008a
                           00008B   435 _IE1	=	0x008b
                           00008C   436 _TR0	=	0x008c
                           00008D   437 _TF0	=	0x008d
                           00008E   438 _TR1	=	0x008e
                           00008F   439 _TF1	=	0x008f
                                    440 ;--------------------------------------------------------
                                    441 ; overlayable register banks
                                    442 ;--------------------------------------------------------
                                    443 	.area REG_BANK_0	(REL,OVR,DATA)
      000000                        444 	.ds 8
                                    445 ;--------------------------------------------------------
                                    446 ; internal ram data
                                    447 ;--------------------------------------------------------
                                    448 	.area DSEG    (DATA)
                                    449 ;--------------------------------------------------------
                                    450 ; overlayable items in internal ram
                                    451 ;--------------------------------------------------------
                                    452 ;--------------------------------------------------------
                                    453 ; indirectly addressable internal ram data
                                    454 ;--------------------------------------------------------
                                    455 	.area ISEG    (DATA)
                                    456 ;--------------------------------------------------------
                                    457 ; absolute internal ram data
                                    458 ;--------------------------------------------------------
                                    459 	.area IABS    (ABS,DATA)
                                    460 	.area IABS    (ABS,DATA)
                                    461 ;--------------------------------------------------------
                                    462 ; bit data
                                    463 ;--------------------------------------------------------
                                    464 	.area BSEG    (BIT)
                                    465 ;--------------------------------------------------------
                                    466 ; paged external ram data
                                    467 ;--------------------------------------------------------
                                    468 	.area PSEG    (PAG,XDATA)
                                    469 ;--------------------------------------------------------
                                    470 ; external ram data
                                    471 ;--------------------------------------------------------
                                    472 	.area XSEG    (XDATA)
                                    473 ;--------------------------------------------------------
                                    474 ; absolute external ram data
                                    475 ;--------------------------------------------------------
                                    476 	.area XABS    (ABS,XDATA)
                                    477 ;--------------------------------------------------------
                                    478 ; external initialized ram data
                                    479 ;--------------------------------------------------------
                                    480 	.area XISEG   (XDATA)
                                    481 	.area HOME    (CODE)
                                    482 	.area GSINIT0 (CODE)
                                    483 	.area GSINIT1 (CODE)
                                    484 	.area GSINIT2 (CODE)
                                    485 	.area GSINIT3 (CODE)
                                    486 	.area GSINIT4 (CODE)
                                    487 	.area GSINIT5 (CODE)
                                    488 	.area GSINIT  (CODE)
                                    489 	.area GSFINAL (CODE)
                                    490 	.area CSEG    (CODE)
                                    491 ;--------------------------------------------------------
                                    492 ; global & static initialisations
                                    493 ;--------------------------------------------------------
                                    494 	.area HOME    (CODE)
                                    495 	.area GSINIT  (CODE)
                                    496 	.area GSFINAL (CODE)
                                    497 	.area GSINIT  (CODE)
                                    498 ;--------------------------------------------------------
                                    499 ; Home
                                    500 ;--------------------------------------------------------
                                    501 	.area HOME    (CODE)
                                    502 	.area HOME    (CODE)
                                    503 ;--------------------------------------------------------
                                    504 ; code
                                    505 ;--------------------------------------------------------
                                    506 	.area CSEG    (CODE)
                                    507 ;------------------------------------------------------------
                                    508 ;Allocation info for local variables in function 'powerdown_idle_wakeup'
                                    509 ;------------------------------------------------------------
                                    510 ;	wakeup.c:45: void powerdown_idle_wakeup(void)
                                    511 ;	-----------------------------------------
                                    512 ;	 function powerdown_idle_wakeup
                                    513 ;	-----------------------------------------
      000000                        514 _powerdown_idle_wakeup:
                           000007   515 	ar7 = 0x07
                           000006   516 	ar6 = 0x06
                           000005   517 	ar5 = 0x05
                           000004   518 	ar4 = 0x04
                           000003   519 	ar3 = 0x03
                           000002   520 	ar2 = 0x02
                           000001   521 	ar1 = 0x01
                           000000   522 	ar0 = 0x00
                                    523 ;	wakeup.c:47: IT0 = 0; // Set the interrupt type for INT0 (0 = level-triggered, 1 = edge-triggered)
                                    524 ;	assignBit
      000000 C2 88            [12]  525 	clr	_IT0
                                    526 ;	wakeup.c:48: EX0 = 0;
                                    527 ;	assignBit
      000002 C2 A8            [12]  528 	clr	_EX0
                                    529 ;	wakeup.c:49: ES = 1; // ES SHOUDL BE LAST ONLY
                                    530 ;	assignBit
      000004 D2 AC            [12]  531 	setb	_ES
                                    532 ;	wakeup.c:50: }
      000006 22               [24]  533 	ret
                                    534 	.area CSEG    (CODE)
                                    535 	.area CONST   (CODE)
                                    536 	.area XINIT   (CODE)
                                    537 	.area CABS    (ABS,CODE)
